2026-04-20 13:35:55 INFO [electron]   "init store"
2026-04-20 13:35:55 INFO [electron]   "init request"
2026-04-20 13:35:55 INFO [electron]   "init i18n"
2026-04-20 13:35:55 INFO [electron]   {"updater":{"downloadUrl":"https://appest-public.s3.amazonaws.com/download/linux/","delay":2000,"interval":600000},"apk_version":"8.0.0","product_mode":true,"package_mode":false,"is_cn_site":false,"cdn_domain":"d107mjio2rjf74.cloudfront.net/web","site_domain":"ticktick.com","ex_api_domain":"ext.ticktick.com","api_domain":"api.ticktick.com","cookie_domain":".ticktick.com","protocol":"https://","help_domain":"help.ticktick.com","support_api_domain":"ticket.ticktick.com","deploy_path":"/task/src/main/webapp/static/deploy","version":"8000"}
2026-04-20 13:35:55 INFO [electron]   "timezone America/Chicago"
2026-04-20 13:35:55 INFO [electron]   "date 300"
2026-04-20 13:35:55 INFO [electron]   {"platform":"electron","os":"linux","device":"Linux x64","name":"cachypunk","version":"8000","id":"696c3bbc5c30960be0dcdc96","channel":"website","campaign":"","websocket":""}
2026-04-20 13:35:55 INFO [electron]   "init main window"
2026-04-20 13:35:55 INFO [electron]   "init"
2026-04-20 13:35:55 INFO [electron]   "init menu"
2026-04-20 13:35:55 INFO [electron]   "init update service"
2026-04-20 13:35:55 INFO [electron]   "init notification"
2026-04-20 13:35:55 INFO [electron]   "init tray"
2026-04-20 13:35:55 INFO [electron]   "fetch get begin https://api.ticktick.com/api/v2/user/profile"
2026-04-20 13:35:55 INFO [electron]   "token 0CAB80045A64122BE5E18E92FBD53A45FA3469A7C7933C1A55AC69BB901EAF4B676248B5F5F987E9885DA447A8DF0AFECB54D10CD0E9542A46EC906CEABC72023E830FA3F4199CE9EB0917716FC80C08C9E50E86E438A57740B60BF0354FF62EB36EA38A963338D60A7D740668E13D63711F9CAEDB907858C4D2C896F5CD39CCB36EA38A963338D6DDB605F06C6E8321B22EBFEB7C3C40AA3025F9411C7BDD26B27010E189DB6207E00B28AD79BF8EFE7353686E6CEE8A83"
2026-04-20 13:35:55 INFO [electron]   "token 0CAB80045A64122BE5E18E92FBD53A45FA3469A7C7933C1A55AC69BB901EAF4B676248B5F5F987E9885DA447A8DF0AFECB54D10CD0E9542A46EC906CEABC72023E830FA3F4199CE9EB0917716FC80C08C9E50E86E438A57740B60BF0354FF62EB36EA38A963338D60A7D740668E13D63711F9CAEDB907858C4D2C896F5CD39CCB36EA38A963338D6DDB605F06C6E8321B22EBFEB7C3C40AA3025F9411C7BDD26B27010E189DB6207E00B28AD79BF8EFE7353686E6CEE8A83"
2026-04-20 13:35:55 INFO [electron]   "launchLogin main"
2026-04-20 13:35:55 INFO [electron]   "fetch get begin https://api.ticktick.com/api/v2/user/status"
2026-04-20 13:35:55 INFO [electron]   "token 0CAB80045A64122BE5E18E92FBD53A45FA3469A7C7933C1A55AC69BB901EAF4B676248B5F5F987E9885DA447A8DF0AFECB54D10CD0E9542A46EC906CEABC72023E830FA3F4199CE9EB0917716FC80C08C9E50E86E438A57740B60BF0354FF62EB36EA38A963338D60A7D740668E13D63711F9CAEDB907858C4D2C896F5CD39CCB36EA38A963338D6DDB605F06C6E8321B22EBFEB7C3C40AA3025F9411C7BDD26B27010E189DB6207E00B28AD79BF8EFE7353686E6CEE8A83"
2026-04-20 13:35:55 INFO [electron]   "globalUser {\"inboxId\":\"inbox115025252\",\"username\":\"matt.ahlschlager@gmail.com\",\"pro\":true,\"teamUser\":false,\"ds\":false,\"proEndDate\":\"2026-02-08T10:00:00.000+0000\",\"userId\":\"115025252\"}"
2026-04-20 13:35:55 INFO [electron]   "locale en_US"
2026-04-20 13:35:55 INFO [electron]   {"id":"696c3bbc5c30960be0dcdc96","platform":"electron","ver":"8000","channel":"website","os":"linux","osv":"","device":"Linux x64","name":"cachypunk","campaign":"","websocket":"","ctime":"2026-04-20T18:35:55.000+0000","atime":"2026-04-20T18:35:55.000+0000","userCode":"355653caa3404053ac53c911155fd51d","hl":"en_US","tz":"America/Chicago","locale":"en-US"}
2026-04-20 13:35:55 INFO [electron]   "fetch post begin https://xapi.ticktick.com/datacollect/event/push"
2026-04-20 13:35:55 INFO [electron]   "token 0CAB80045A64122BE5E18E92FBD53A45FA3469A7C7933C1A55AC69BB901EAF4B676248B5F5F987E9885DA447A8DF0AFECB54D10CD0E9542A46EC906CEABC72023E830FA3F4199CE9EB0917716FC80C08C9E50E86E438A57740B60BF0354FF62EB36EA38A963338D60A7D740668E13D63711F9CAEDB907858C4D2C896F5CD39CCB36EA38A963338D6DDB605F06C6E8321B22EBFEB7C3C40AA3025F9411C7BDD26B27010E189DB6207E00B28AD79BF8EFE7353686E6CEE8A83"
2026-04-20 13:35:55 INFO [electron]   "update userInfo {\"inboxId\":\"inbox115025252\",\"username\":\"matt.ahlschlager@gmail.com\",\"pro\":true,\"teamUser\":false,\"ds\":false,\"proEndDate\":\"2026-05-08T10:00:00.000+0000\",\"userId\":\"115025252\"}"
2026-04-20 13:35:55 INFO [electron]   "get end https://api.ticktick.com/api/v2/user/profile"
2026-04-20 13:35:55 INFO [electron]   "get end https://api.ticktick.com/api/v2/user/status"
2026-04-20 13:35:55 INFO [electron]   "post end https://xapi.ticktick.com/datacollect/event/push"
2026-04-20 13:35:56 INFO [electron]   "main-dom-ready"
2026-04-20 13:35:56 INFO [electron]   "update check"
2026-04-20 13:35:56 INFO [electron]   "fetch getFile begin https://pull.ticktick.com/linux/release_note.json?timeStamp=1776710156851"
2026-04-20 13:35:56 INFO [electron]   "getFile end https://pull.ticktick.com/linux/release_note.json?timeStamp=1776710156851"
2026-04-20 16:59:01 INFO [electron]   "mainWindow-close"
2026-04-20 16:59:01 INFO [electron]   "dumpEndddddd"
2026-04-20 16:59:01 INFO [electron]   "window-all-closed"
2026-04-20 16:59:01 INFO [electron]   "before-quit"
2026-04-20 16:59:01 INFO [electron]   "will-quit"
2026-04-20 16:59:01 INFO [electron]   "quittttt"
